
> payment@1.0.0 start
> nodemon index.js

[33m[nodemon] 2.0.15[39m
[33m[nodemon] to restart at any time, enter `rs`[39m
[33m[nodemon] watching path(s): *.*[39m
[33m[nodemon] watching extensions: js,mjs,json[39m
[32m[nodemon] starting `node index.js`[39m
node:events:498
      throw er; // Unhandled 'error' event
      ^

Error: EBADF: bad file descriptor, read
Emitted 'error' event on ReadStream instance at:
    at emitErrorNT (node:internal/streams/destroy:157:8)
    at errorOrDestroy (node:internal/streams/destroy:220:7)
    at node:internal/fs/streams:258:9
    at FSReqCallback.wrapper [as oncomplete] (node:fs:660:5) {
  errno: -9,
  code: 'EBADF',
  syscall: 'read'
}
